<?xml version="1.0" encoding="utf-8"?><testsuites name="pytest tests"><testsuite name="pytest" errors="0" failures="0" skipped="0" tests="20" time="1.668" timestamp="2026-06-02T12:45:22.722637+00:00" hostname="agent-env-8f47e515-10de-41a4-b18a-7dbcd070eaa6"><testcase classname="backend.tests.backend_test.TestHealth" name="test_health" time="0.151" /><testcase classname="backend.tests.backend_test.TestHealth" name="test_root" time="0.049" /><testcase classname="backend.tests.backend_test.TestAuth" name="test_login_existing_user" time="0.047" /><testcase classname="backend.tests.backend_test.TestAuth" name="test_login_unknown_user" time="0.046" /><testcase classname="backend.tests.backend_test.TestAuth" name="test_register_new_user" time="0.052" /><testcase classname="backend.tests.backend_test.TestAuth" name="test_register_duplicate" time="0.059" /><testcase classname="backend.tests.backend_test.TestAuth" name="test_me_requires_auth" time="0.043" /><testcase classname="backend.tests.backend_test.TestAuth" name="test_me_with_token" time="0.093" /><testcase classname="backend.tests.backend_test.TestWallets" name="test_get_wallets" time="0.050" /><testcase classname="backend.tests.backend_test.TestWallets" name="test_wallets_requires_auth" time="0.045" /><testcase classname="backend.tests.backend_test.TestDeposits" name="test_initiate_deposit" time="0.047" /><testcase classname="backend.tests.backend_test.TestDeposits" name="test_deposit_below_min" time="0.045" /><testcase classname="backend.tests.backend_test.TestDeposits" name="test_deposit_above_max" time="0.047" /><testcase classname="backend.tests.backend_test.TestWebhookIdempotency" name="test_webhook_processes_and_idempotent" time="0.241" /><testcase classname="backend.tests.backend_test.TestConversions" name="test_conversion_quote_and_confirm" time="0.119" /><testcase classname="backend.tests.backend_test.TestConversions" name="test_conversion_invalid_pair" time="0.044" /><testcase classname="backend.tests.backend_test.TestConversions" name="test_confirm_invalid_quote" time="0.046" /><testcase classname="backend.tests.backend_test.TestWithdrawals" name="test_withdrawal_requires_kyc" time="0.046" /><testcase classname="backend.tests.backend_test.TestTransactions" name="test_get_transactions" time="0.045" /><testcase classname="backend.tests.backend_test.TestRateAlerts" name="test_create_and_list_alerts" time="0.110" /></testsuite></testsuites>