<?xml version="1.0" encoding="utf-8"?><testsuites name="pytest tests"><testsuite name="pytest" errors="0" failures="0" skipped="0" tests="35" time="15.317" timestamp="2026-06-02T13:03:38.837689+00:00" hostname="agent-env-8f47e515-10de-41a4-b18a-7dbcd070eaa6"><testcase classname="backend.tests.test_v11_features.TestLiveRates" name="test_get_all_rates" time="5.260" /><testcase classname="backend.tests.test_v11_features.TestLiveRates" name="test_specific_rate_usdt_irr" time="0.054" /><testcase classname="backend.tests.test_v11_features.TestLiveRates" name="test_specific_rate_lowercase_input" time="0.074" /><testcase classname="backend.tests.test_v11_features.TestZarinPal" name="test_status" time="0.050" /><testcase classname="backend.tests.test_v11_features.TestZarinPal" name="test_request_falls_back_to_mock" time="0.128" /><testcase classname="backend.tests.test_v11_features.TestZarinPal" name="test_request_requires_auth" time="0.047" /><testcase classname="backend.tests.test_v11_features.TestKYC" name="test_submit_kyc" time="0.055" /><testcase classname="backend.tests.test_v11_features.TestKYC" name="test_status" time="0.055" /><testcase classname="backend.tests.test_v11_features.TestKYC" name="test_auto_approve" time="0.100" /><testcase classname="backend.tests.test_v11_features.TestOTP" name="test_request_otp" time="0.467" /><testcase classname="backend.tests.test_v11_features.TestOTP" name="test_verify_wrong_code" time="0.546" /><testcase classname="backend.tests.test_v11_features.TestWithdrawalsAfterKYC" name="test_withdrawal_succeeds_after_kyc" time="0.115" /><testcase classname="backend.tests.test_v11_features.TestAnalytics" name="test_analytics_summary" time="0.066" /><testcase classname="backend.tests.test_v11_features.TestAnalytics" name="test_analytics_requires_auth" time="0.047" /><testcase classname="backend.tests.test_v11_features.TestAlertsCRUD" name="test_create_list_delete_alert" time="0.223" /><testcase classname="backend.tests.backend_test.TestHealth" name="test_health" time="0.124" /><testcase classname="backend.tests.backend_test.TestHealth" name="test_root" time="0.055" /><testcase classname="backend.tests.backend_test.TestAuth" name="test_login_existing_user" time="0.053" /><testcase classname="backend.tests.backend_test.TestAuth" name="test_login_unknown_user" time="0.097" /><testcase classname="backend.tests.backend_test.TestAuth" name="test_register_new_user" time="0.057" /><testcase classname="backend.tests.backend_test.TestAuth" name="test_register_duplicate" time="0.050" /><testcase classname="backend.tests.backend_test.TestAuth" name="test_me_requires_auth" time="0.065" /><testcase classname="backend.tests.backend_test.TestAuth" name="test_me_with_token" time="0.320" /><testcase classname="backend.tests.backend_test.TestWallets" name="test_get_wallets" time="0.069" /><testcase classname="backend.tests.backend_test.TestWallets" name="test_wallets_requires_auth" time="0.050" /><testcase classname="backend.tests.backend_test.TestDeposits" name="test_initiate_deposit" time="0.052" /><testcase classname="backend.tests.backend_test.TestDeposits" name="test_deposit_below_min" time="0.278" /><testcase classname="backend.tests.backend_test.TestDeposits" name="test_deposit_above_max" time="0.280" /><testcase classname="backend.tests.backend_test.TestWebhookIdempotency" name="test_webhook_processes_and_idempotent" time="0.340" /><testcase classname="backend.tests.backend_test.TestConversions" name="test_conversion_quote_and_confirm" time="5.170" /><testcase classname="backend.tests.backend_test.TestConversions" name="test_conversion_invalid_pair" time="0.049" /><testcase classname="backend.tests.backend_test.TestConversions" name="test_confirm_invalid_quote" time="0.050" /><testcase classname="backend.tests.backend_test.TestWithdrawals" name="test_withdrawal_kyc_dependent" time="0.346" /><testcase classname="backend.tests.backend_test.TestTransactions" name="test_get_transactions" time="0.052" /><testcase classname="backend.tests.backend_test.TestRateAlerts" name="test_create_and_list_alerts" time="0.337" /></testsuite></testsuites>